2018/02/01 17:02:44 INFO  - jmeter.util.JMeterUtils: Setting Locale to zh_CN 
2018/02/01 17:02:44 INFO  - jmeter.JMeter: Loading system properties from: E:\java\core\target\jmeter\bin\system.properties 
2018/02/01 17:02:44 INFO  - jmeter.JMeter: Copyright (c) 1998-2016 The Apache Software Foundation 
2018/02/01 17:02:44 INFO  - jmeter.JMeter: Version 3.1 r1770033 
2018/02/01 17:02:44 INFO  - jmeter.JMeter: java.version=1.8.0_91 
2018/02/01 17:02:44 INFO  - jmeter.JMeter: java.vm.name=Java HotSpot(TM) 64-Bit Server VM 
2018/02/01 17:02:44 INFO  - jmeter.JMeter: os.name=Windows 10 
2018/02/01 17:02:44 INFO  - jmeter.JMeter: os.arch=amd64 
2018/02/01 17:02:44 INFO  - jmeter.JMeter: os.version=10.0 
2018/02/01 17:02:44 INFO  - jmeter.JMeter: file.encoding=GBK 
2018/02/01 17:02:44 INFO  - jmeter.JMeter: Max memory     =514850816 
2018/02/01 17:02:44 INFO  - jmeter.JMeter: Available Processors =4 
2018/02/01 17:02:44 INFO  - jmeter.JMeter: Default Locale=中文 (中国) 
2018/02/01 17:02:44 INFO  - jmeter.JMeter: JMeter  Locale=中文 (中国) 
2018/02/01 17:02:44 INFO  - jmeter.JMeter: JMeterHome=E:\java\core\target\jmeter 
2018/02/01 17:02:44 INFO  - jmeter.JMeter: user.dir  =E:\java\core\target\jmeter\bin 
2018/02/01 17:02:44 INFO  - jmeter.JMeter: PWD       =E:\java\core\target\jmeter\bin 
2018/02/01 17:02:44 INFO  - jmeter.JMeter: IP: 192.168.1.236 Name: SC-201706211719 FullName: SC-201706211719 
2018/02/01 17:02:44 INFO  - jmeter.services.FileServer: Default base='E:\java\core\target\jmeter\bin' 
2018/02/01 17:02:44 INFO  - jmeter.services.FileServer: Set new base='E:\java\core\target\jmeter\testFiles' 
2018/02/01 17:02:44 INFO  - jmeter.save.SaveService: Testplan (JMX) version: 2.2. Testlog (JTL) version: 2.2 
2018/02/01 17:02:44 INFO  - jmeter.save.SaveService: Using SaveService properties file encoding UTF-8 
2018/02/01 17:02:44 INFO  - jmeter.save.SaveService: Using SaveService properties version 3.1 
2018/02/01 17:02:44 INFO  - jmeter.save.SaveService: All converter versions present and correct 
2018/02/01 17:02:44 INFO  - jmeter.save.SaveService: Loading file: E:\java\core\target\jmeter\testFiles\login.jmx 
2018/02/01 17:02:44 INFO  - jmeter.protocol.http.sampler.HTTPSamplerBase: Parser for text/html is org.apache.jmeter.protocol.http.parser.LagartoBasedHtmlParser 
2018/02/01 17:02:44 INFO  - jmeter.protocol.http.sampler.HTTPSamplerBase: Parser for application/xhtml+xml is org.apache.jmeter.protocol.http.parser.LagartoBasedHtmlParser 
2018/02/01 17:02:44 INFO  - jmeter.protocol.http.sampler.HTTPSamplerBase: Parser for application/xml is org.apache.jmeter.protocol.http.parser.LagartoBasedHtmlParser 
2018/02/01 17:02:44 INFO  - jmeter.protocol.http.sampler.HTTPSamplerBase: Parser for text/xml is org.apache.jmeter.protocol.http.parser.LagartoBasedHtmlParser 
2018/02/01 17:02:44 INFO  - jmeter.protocol.http.sampler.HTTPSamplerBase: Parser for text/vnd.wap.wml is org.apache.jmeter.protocol.http.parser.RegexpHTMLParser 
2018/02/01 17:02:44 INFO  - jmeter.protocol.http.sampler.HTTPSamplerBase: Parser for text/css is org.apache.jmeter.protocol.http.parser.CssParser 
2018/02/01 17:02:44 INFO  - jmeter.JMeter: Creating summariser <summary> 
2018/02/01 17:02:44 INFO  - jmeter.engine.StandardJMeterEngine: Running the test! 
2018/02/01 17:02:44 INFO  - jmeter.samplers.SampleEvent: List of sample_variables: [] 
2018/02/01 17:02:44 INFO  - jmeter.samplers.SampleEvent: List of sample_variables: [] 
2018/02/01 17:02:44 INFO  - jmeter.engine.util.CompoundVariable: Note: Function class names must contain the string: '.functions.' 
2018/02/01 17:02:44 INFO  - jmeter.engine.util.CompoundVariable: Note: Function class names must not contain the string: '.gui.' 
2018/02/01 17:02:44 INFO  - jmeter.JMeter: 正在运行的测试 (1517475764729) 
2018/02/01 17:02:44 INFO  - jmeter.engine.StandardJMeterEngine: Starting ThreadGroup: 1 : Thread Group 
2018/02/01 17:02:44 INFO  - jmeter.engine.StandardJMeterEngine: Starting 1 threads for group Thread Group. 
2018/02/01 17:02:44 INFO  - jmeter.engine.StandardJMeterEngine: Thread will continue on error 
2018/02/01 17:02:44 INFO  - jmeter.threads.ThreadGroup: Starting thread group number 1 threads 1 ramp-up 1 perThread 1000.0 delayedStart=false 
2018/02/01 17:02:44 INFO  - jmeter.threads.ThreadGroup: Started thread group number 1 
2018/02/01 17:02:44 INFO  - jmeter.engine.StandardJMeterEngine: All thread groups have been started 
2018/02/01 17:02:44 INFO  - jmeter.threads.JMeterThread: Thread started: Thread Group 1-1 
2018/02/01 17:02:44 INFO  - jmeter.protocol.http.sampler.HTTPHCAbstractImpl: Local host = SC-201706211719 
2018/02/01 17:02:44 INFO  - jmeter.protocol.http.sampler.HTTPHC4Impl: HTTP request retry count = 0 
2018/02/01 17:02:44 INFO  - jmeter.samplers.SampleResult: Note: Sample TimeStamps are START times 
2018/02/01 17:02:44 INFO  - jmeter.samplers.SampleResult: sampleresult.default.encoding is set to ISO-8859-1 
2018/02/01 17:02:44 INFO  - jmeter.samplers.SampleResult: sampleresult.useNanoTime=true 
2018/02/01 17:02:44 INFO  - jmeter.samplers.SampleResult: sampleresult.nanoThreadSleep=5000 
2018/02/01 17:02:44 INFO  - jmeter.threads.JMeterThread: Thread is done: Thread Group 1-1 
2018/02/01 17:02:44 INFO  - jmeter.threads.JMeterThread: Thread finished: Thread Group 1-1 
2018/02/01 17:02:44 INFO  - jmeter.engine.StandardJMeterEngine: Notifying test listeners of end of test 
2018/02/01 17:02:44 INFO  - jmeter.reporters.Summariser: summary =      1 in 00:00:00 =    4.7/s Avg:   118 Min:   118 Max:   118 Err:     0 (0.00%) 
